<?xml version="1.0" encoding="UTF-8"?>
<!-- Generated by org.testng.reporters.JUnitReportReporter -->
<testsuite hostname="MacBook-Pro-Astaroth.local" failures="0" tests="1" name="qaautomation.august2021.SwitchTest" time="25.823" errors="0" timestamp="05 Sep 2021 08:44:25 GMT" skipped="0">
  <testcase classname="qaautomation.august2021.SwitchTest" name="testForwardBackRefresh" time="25.823"/>
</testsuite> <!-- qaautomation.august2021.SwitchTest -->
