<?xml version="1.0" encoding="UTF-8"?>
<!-- Generated by org.testng.reporters.JUnitReportReporter -->
<testsuite hostname="MacBook-Pro-Astaroth.local" failures="0" tests="7" name="qaautomation.august2021.APITest" time="13.252" errors="0" timestamp="18 Sep 2021 06:40:04 GMT" skipped="0">
  <testcase classname="qaautomation.august2021.APITest" name="incorrectLoginAPI" time="1.925"/>
  <testcase classname="qaautomation.august2021.APITest" name="configAPI" time="2.058"/>
  <testcase classname="qaautomation.august2021.APITest" name="dashboardAPIWithSchema" time="2.810"/>
  <testcase classname="qaautomation.august2021.APITest" name="testLoginAPI" time="2.148"/>
  <testcase classname="qaautomation.august2021.APITest" name="fakerEmail" time="0.211"/>
  <testcase classname="qaautomation.august2021.APITest" name="userAPI" time="2.018"/>
  <testcase classname="qaautomation.august2021.APITest" name="dashboardAPI" time="2.082"/>
</testsuite> <!-- qaautomation.august2021.APITest -->
